<?xml version="1.0" encoding="UTF-8"?>
<testng-results skipped="0" failed="0" ignored="0" total="1" passed="1">
  <reporter-output>
  </reporter-output>
  <suite name="Default suite" duration-ms="23486" started-at="2018-07-26T09:50:09Z" finished-at="2018-07-26T09:50:32Z">
    <groups>
    </groups>
    <test name="Default test" duration-ms="23486" started-at="2018-07-26T09:50:09Z" finished-at="2018-07-26T09:50:32Z">
      <class name="test.NewTest">
        <test-method status="PASS" signature="beforeClass()[pri:0, instance:test.NewTest@60285225]" name="beforeClass" is-config="true" duration-ms="12814" started-at="2018-07-26T09:50:09Z" finished-at="2018-07-26T09:50:22Z">
          <reporter-output>
          </reporter-output>
        </test-method> <!-- beforeClass -->
        <test-method status="PASS" signature="openMyBlog()[pri:0, instance:test.NewTest@60285225]" name="openMyBlog" duration-ms="9268" started-at="2018-07-26T09:50:22Z" finished-at="2018-07-26T09:50:31Z">
          <reporter-output>
          </reporter-output>
        </test-method> <!-- openMyBlog -->
        <test-method status="PASS" signature="afterClass()[pri:0, instance:test.NewTest@60285225]" name="afterClass" is-config="true" duration-ms="1373" started-at="2018-07-26T09:50:31Z" finished-at="2018-07-26T09:50:32Z">
          <reporter-output>
          </reporter-output>
        </test-method> <!-- afterClass -->
      </class> <!-- test.NewTest -->
    </test> <!-- Default test -->
  </suite> <!-- Default suite -->
</testng-results>
